

HI-TECH Software PIC LITE Macro Assembler V9.83 build 10920 
                                                                                               Tue Oct 29 12:49:18 2013

HI-TECH Software Omniscient Code Generator (Lite mode) build 10920
     1  0000                     opt subtitle "HI-TECH Software Omniscient Code Generator (Lite mode) build 10920"
     2                           
     3                           opt pagewidth 120
     4                           
     5                           	opt lm
     6                           
     7                           	processor	16F877
     8                           clrc	macro
     9                           	bcf	3,0
    10  0000                     	endm
    11                           clrz	macro
    12                           	bcf	3,2
    13  0000                     	endm
    14                           setc	macro
    15                           	bsf	3,0
    16  0000                     	endm
    17                           setz	macro
    18                           	bsf	3,2
    19  0000                     	endm
    20                           skipc	macro
    21                           	btfss	3,0
    22  0000                     	endm
    23                           skipz	macro
    24                           	btfss	3,2
    25  0000                     	endm
    26                           skipnc	macro
    27                           	btfsc	3,0
    28  0000                     	endm
    29                           skipnz	macro
    30                           	btfsc	3,2
    31  0000                     	endm
    32  0000                     indf	equ	0
    33  0000                     indf0	equ	0
    34  0002                     pc	equ	2
    35  0002                     pcl	equ	2
    36  0003                     status	equ	3
    37  0004                     fsr	equ	4
    38  0004                     fsr0	equ	4
    39  0001                     c	equ	1
    40  0000                     z	equ	0
    41  000A                     pclath	equ	10
    42                           	FNROOT	_main
    43                           	global	_PORTA
    44                           psect	maintext,global,class=CODE,delta=2
    45                           global __pmaintext
    46  0763                     __pmaintext:
    47  0005                     _PORTA	set	5
    48                           	global	_PORTB
    49  0006                     _PORTB	set	6
    50                           	global	_PORTD
    51  0008                     _PORTD	set	8
    52                           	global	_CARRY
    53  0018                     _CARRY	set	24
    54                           	global	_GIE
    55  005F                     _GIE	set	95
    56                           	global	_RA4
    57  002C                     _RA4	set	44
    58                           	global	_TRISA
    59  0085                     _TRISA	set	133
    60                           	global	_TRISB
    61  0086                     _TRISB	set	134
    62                           	global	_TRISD
    63  0088                     _TRISD	set	136
    64                           	global	_EEADR
    65  010D                     _EEADR	set	269
    66                           	global	_EEDATA
    67  010C                     _EEDATA	set	268
    68                           	global	_EECON1
    69  018C                     _EECON1	set	396
    70                           	global	_EECON2
    71  018D                     _EECON2	set	397
    72                           	global	_RD
    73  0C60                     _RD	set	3168
    74                           	global	_WR
    75  0C61                     _WR	set	3169
    76                           	global	_WREN
    77  0C62                     _WREN	set	3170
    78                           	file	"Simple LCD.as"
    79                           	line	#
    80                           psect cinit,class=CODE,delta=2
    81                           global start_initialization
    82  075F                     start_initialization:
    83                           
    84                           psect cinit,class=CODE,delta=2
    85                           global end_of_initialization
    86                           
    87                           ;End of C runtime variable initialization code
    88                           
    89  075F                     end_of_initialization:
    90  075F  0183               clrf status
    91  0760  120A  118A  2F63   ljmp _main	;jump to C main() function
    92                           psect	cstackCOMMON,class=COMMON,space=1
    93                           global __pcstackCOMMON
    94  0070                     __pcstackCOMMON:
    95                           	global	?_main
    96  0070                     ?_main:	; 0 bytes @ 0x0
    97                           	global	??_main
    98  0070                     ??_main:	; 0 bytes @ 0x0
    99  0070                     	ds	2
   100                           	global	main@charWritten
   101  0072                     main@charWritten:	; 2 bytes @ 0x2
   102  0072                     	ds	2
   103 ;;Data sizes: Strings 0, constant 0, data 0, bss 0, persistent 0 stack 0
   104 ;;Auto spaces:   Size  Autos    Used
   105 ;; COMMON          14      4       4
   106 ;; BANK0           80      0       0
   107 ;; BANK1           80      0       0
   108 ;; BANK3           96      0       0
   109 ;; BANK2           96      0       0
   110                           
   111 ;;
   112 ;; Pointer list with targets:
   113                           
   114                           
   115                           
   116 ;;
   117 ;; Critical Paths under _main in COMMON
   118 ;;
   119 ;;   None.
   120 ;;
   121 ;; Critical Paths under _main in BANK0
   122 ;;
   123 ;;   None.
   124 ;;
   125 ;; Critical Paths under _main in BANK1
   126 ;;
   127 ;;   None.
   128 ;;
   129 ;; Critical Paths under _main in BANK3
   130 ;;
   131 ;;   None.
   132 ;;
   133 ;; Critical Paths under _main in BANK2
   134 ;;
   135 ;;   None.
   136                           
   137 ;;
   138 ;;Main: autosize = 0, tempsize = 2, incstack = 0, save=0
   139 ;;
   140                           
   141 ;;
   142 ;;Call Graph Tables:
   143 ;;
   144 ;; ---------------------------------------------------------------------------------
   145 ;; (Depth) Function   	        Calls       Base Space   Used Autos Params    Refs
   146 ;; ---------------------------------------------------------------------------------
   147 ;; (0) _main                                                 4     4      0      30
   148 ;;                                              0 COMMON     4     4      0
   149 ;; ---------------------------------------------------------------------------------
   150 ;; Estimated maximum stack depth 0
   151 ;; ---------------------------------------------------------------------------------
   152                           
   153 ;; Call Graph Graphs:
   154                           
   155 ;; _main (ROOT)
   156 ;;
   157                           
   158 ;; Address spaces:
   159                           
   160 ;;Name               Size   Autos  Total    Cost      Usage
   161 ;;BITCOMMON            E      0       0       0        0.0%
   162 ;;EEDATA             100      0       0       0        0.0%
   163 ;;NULL                 0      0       0       0        0.0%
   164 ;;CODE                 0      0       0       0        0.0%
   165 ;;COMMON               E      4       4       1       28.6%
   166 ;;BITSFR0              0      0       0       1        0.0%
   167 ;;SFR0                 0      0       0       1        0.0%
   168 ;;BITSFR1              0      0       0       2        0.0%
   169 ;;SFR1                 0      0       0       2        0.0%
   170 ;;STACK                0      0       0       2        0.0%
   171 ;;ABS                  0      0       0       3        0.0%
   172 ;;BITBANK0            50      0       0       4        0.0%
   173 ;;BITSFR3              0      0       0       4        0.0%
   174 ;;SFR3                 0      0       0       4        0.0%
   175 ;;BANK0               50      0       0       5        0.0%
   176 ;;BITSFR2              0      0       0       5        0.0%
   177 ;;SFR2                 0      0       0       5        0.0%
   178 ;;BITBANK1            50      0       0       6        0.0%
   179 ;;BANK1               50      0       0       7        0.0%
   180 ;;BITBANK3            60      0       0       8        0.0%
   181 ;;BANK3               60      0       0       9        0.0%
   182 ;;BITBANK2            60      0       0      10        0.0%
   183 ;;BANK2               60      0       0      11        0.0%
   184 ;;DATA                 0      0       0      12        0.0%
   185                           
   186                           	global	_main
   187                           psect	maintext
   188                           
   189 ;; *************** function _main *****************
   190 ;; Defined at:
   191 ;;		line 12 in file "C:\Users\Mads\Desktop\MPLAB Projects\PIC16F877\Simple LCD\main.c"
   192 ;; Parameters:    Size  Location     Type
   193 ;;		None
   194 ;; Auto vars:     Size  Location     Type
   195 ;;  charWritten     2    2[COMMON] int 
   196 ;; Return value:  Size  Location     Type
   197 ;;		None               void
   198 ;; Registers used:
   199 ;;		wreg, status,2, status,0
   200 ;; Tracked objects:
   201 ;;		On entry : 17F/0
   202 ;;		On exit  : 0/0
   203 ;;		Unchanged: 0/0
   204 ;; Data sizes:     COMMON   BANK0   BANK1   BANK3   BANK2
   205 ;;      Params:         0       0       0       0       0
   206 ;;      Locals:         2       0       0       0       0
   207 ;;      Temps:          2       0       0       0       0
   208 ;;      Totals:         4       0       0       0       0
   209 ;;Total ram usage:        4 bytes
   210 ;; This function calls:
   211 ;;		Nothing
   212 ;; This function is called by:
   213 ;;		Startup code after reset
   214 ;; This function uses a non-reentrant model
   215 ;;
   216                           psect	maintext
   217                           	file	"C:\Users\Mads\Desktop\MPLAB Projects\PIC16F877\Simple LCD\main.c"
   218                           	line	12
   219                           	global	__size_of_main
   220  009D                     	__size_of_main	equ	__end_of_main-_main
   221                           	
   222  0763                     _main:	
   223                           	opt	stack 8
   224                           ; Regs used in _main: [wreg+status,2+status,0]
   225                           	line	14
   226                           	
   227  0763                     l2513:	
   228                           ;main.c: 14: TRISB = 0;
   229  0763  1683               	bsf	status, 5	;RP0=1, select bank1
   230  0764  1303               	bcf	status, 6	;RP1=0, select bank1
   231  0765  0186               	clrf	(134)^080h	;volatile
   232                           	line	15
   233                           	
   234  0766                     l2515:	
   235                           ;main.c: 15: PORTB = 0x9;
   236  0766  3009               	movlw	(09h)
   237  0767  1283               	bcf	status, 5	;RP0=0, select bank0
   238  0768  1303               	bcf	status, 6	;RP1=0, select bank0
   239  0769  0086               	movwf	(6)	;volatile
   240                           	line	18
   241                           	
   242  076A                     l2517:	
   243                           ;main.c: 18: TRISA = 0b00010000;
   244  076A  3010               	movlw	(010h)
   245  076B  1683               	bsf	status, 5	;RP0=1, select bank1
   246  076C  1303               	bcf	status, 6	;RP1=0, select bank1
   247  076D  0085               	movwf	(133)^080h	;volatile
   248                           	line	21
   249                           ;main.c: 21: TRISD = 0;
   250  076E  0188               	clrf	(136)^080h	;volatile
   251                           	line	25
   252                           	
   253  076F                     l2519:	
   254                           ;main.c: 25: PORTA = 0x2;
   255  076F  3002               	movlw	(02h)
   256  0770  1283               	bcf	status, 5	;RP0=0, select bank0
   257  0771  1303               	bcf	status, 6	;RP1=0, select bank0
   258  0772  0085               	movwf	(5)	;volatile
   259                           	line	26
   260                           	
   261  0773                     l2521:	
   262                           ;main.c: 26: PORTD = 0b0010;
   263  0773  3002               	movlw	(02h)
   264  0774  0088               	movwf	(8)	;volatile
   265                           	line	27
   266                           ;main.c: 27: PORTA = 0x00;
   267  0775  0185               	clrf	(5)	;volatile
   268                           	line	28
   269                           	
   270  0776                     l2523:	
   271                           ;main.c: 28: PORTA = 0x2;
   272  0776  3002               	movlw	(02h)
   273  0777  0085               	movwf	(5)	;volatile
   274                           	line	29
   275                           	
   276  0778                     l2525:	
   277                           ;main.c: 29: PORTD = 0b1000;
   278  0778  3008               	movlw	(08h)
   279  0779  0088               	movwf	(8)	;volatile
   280                           	line	30
   281                           ;main.c: 30: PORTA = 0x00;
   282  077A  0185               	clrf	(5)	;volatile
   283                           	line	31
   284                           	
   285  077B                     l2527:	
   286                           ;main.c: 31: _delay(20000);
   287                           	opt asmopt_off
   288  077B  301A               movlw	26
   289  077C  00F1               movwf	((??_main+0)+0+1),f
   290  077D  30F8               	movlw	248
   291  077E  00F0               movwf	((??_main+0)+0),f
   292  077F                     u2267:
   293  077F  0BF0               	decfsz	((??_main+0)+0),f
   294  0780  2F7F               	goto	u2267
   295  0781  0BF1               	decfsz	((??_main+0)+0+1),f
   296  0782  2F7F               	goto	u2267
   297  0783  0064               	clrwdt
   298                           opt asmopt_on
   299                           
   300                           	line	34
   301                           	
   302  0784                     l2529:	
   303                           ;main.c: 34: PORTA = 0x2;
   304  0784  3002               	movlw	(02h)
   305  0785  1283               	bcf	status, 5	;RP0=0, select bank0
   306  0786  1303               	bcf	status, 6	;RP1=0, select bank0
   307  0787  0085               	movwf	(5)	;volatile
   308                           	line	35
   309                           ;main.c: 35: PORTD = 0b0000;
   310  0788  0188               	clrf	(8)	;volatile
   311                           	line	36
   312                           ;main.c: 36: PORTA = 0x00;
   313  0789  0185               	clrf	(5)	;volatile
   314                           	line	37
   315                           	
   316  078A                     l2531:	
   317                           ;main.c: 37: PORTA = 0x2;
   318  078A  3002               	movlw	(02h)
   319  078B  0085               	movwf	(5)	;volatile
   320                           	line	38
   321                           	
   322  078C                     l2533:	
   323                           ;main.c: 38: PORTD = 0b1111;
   324  078C  300F               	movlw	(0Fh)
   325  078D  0088               	movwf	(8)	;volatile
   326                           	line	39
   327                           ;main.c: 39: PORTA = 0x00;
   328  078E  0185               	clrf	(5)	;volatile
   329                           	line	40
   330                           	
   331  078F                     l2535:	
   332                           ;main.c: 40: _delay(20000);
   333                           	opt asmopt_off
   334  078F  301A               movlw	26
   335  0790  00F1               movwf	((??_main+0)+0+1),f
   336  0791  30F8               	movlw	248
   337  0792  00F0               movwf	((??_main+0)+0),f
   338  0793                     u2277:
   339  0793  0BF0               	decfsz	((??_main+0)+0),f
   340  0794  2F93               	goto	u2277
   341  0795  0BF1               	decfsz	((??_main+0)+0+1),f
   342  0796  2F93               	goto	u2277
   343  0797  0064               	clrwdt
   344                           opt asmopt_on
   345                           
   346                           	line	43
   347                           	
   348  0798                     l2537:	
   349                           ;main.c: 43: PORTA = 0x2;
   350  0798  3002               	movlw	(02h)
   351  0799  1283               	bcf	status, 5	;RP0=0, select bank0
   352  079A  1303               	bcf	status, 6	;RP1=0, select bank0
   353  079B  0085               	movwf	(5)	;volatile
   354                           	line	44
   355                           	
   356  079C                     l2539:	
   357                           ;main.c: 44: PORTD = 0b1000;
   358  079C  3008               	movlw	(08h)
   359  079D  0088               	movwf	(8)	;volatile
   360                           	line	45
   361                           	
   362  079E                     l2541:	
   363                           ;main.c: 45: PORTA = 0x00;
   364  079E  0185               	clrf	(5)	;volatile
   365                           	line	46
   366                           ;main.c: 46: PORTA = 0x2;
   367  079F  3002               	movlw	(02h)
   368  07A0  0085               	movwf	(5)	;volatile
   369                           	line	47
   370                           	
   371  07A1                     l2543:	
   372                           ;main.c: 47: PORTD = 0b0000;
   373  07A1  0188               	clrf	(8)	;volatile
   374                           	line	48
   375                           	
   376  07A2                     l2545:	
   377                           ;main.c: 48: PORTA = 0x00;
   378  07A2  0185               	clrf	(5)	;volatile
   379                           	line	49
   380                           ;main.c: 49: _delay(20000);
   381                           	opt asmopt_off
   382  07A3  301A               movlw	26
   383  07A4  00F1               movwf	((??_main+0)+0+1),f
   384  07A5  30F8               	movlw	248
   385  07A6  00F0               movwf	((??_main+0)+0),f
   386  07A7                     u2287:
   387  07A7  0BF0               	decfsz	((??_main+0)+0),f
   388  07A8  2FA7               	goto	u2287
   389  07A9  0BF1               	decfsz	((??_main+0)+0+1),f
   390  07AA  2FA7               	goto	u2287
   391  07AB  0064               	clrwdt
   392                           opt asmopt_on
   393                           
   394                           	line	52
   395                           ;main.c: 52: PORTA = 0xA;
   396  07AC  300A               	movlw	(0Ah)
   397  07AD  1283               	bcf	status, 5	;RP0=0, select bank0
   398  07AE  1303               	bcf	status, 6	;RP1=0, select bank0
   399  07AF  0085               	movwf	(5)	;volatile
   400                           	line	53
   401                           ;main.c: 53: PORTD = 0b0100;
   402  07B0  3004               	movlw	(04h)
   403  07B1  0088               	movwf	(8)	;volatile
   404                           	line	54
   405                           ;main.c: 54: PORTA = 0x08;
   406  07B2  3008               	movlw	(08h)
   407  07B3  0085               	movwf	(5)	;volatile
   408                           	line	56
   409                           ;main.c: 56: PORTA = 0xA;
   410  07B4  300A               	movlw	(0Ah)
   411  07B5  0085               	movwf	(5)	;volatile
   412                           	line	57
   413                           ;main.c: 57: PORTD = 0b0001;
   414  07B6  3001               	movlw	(01h)
   415  07B7  0088               	movwf	(8)	;volatile
   416                           	line	58
   417                           ;main.c: 58: PORTA = 0x08;
   418  07B8  3008               	movlw	(08h)
   419  07B9  0085               	movwf	(5)	;volatile
   420                           	line	60
   421                           ;main.c: 60: _delay(20000);
   422                           	opt asmopt_off
   423  07BA  301A               movlw	26
   424  07BB  00F1               movwf	((??_main+0)+0+1),f
   425  07BC  30F8               	movlw	248
   426  07BD  00F0               movwf	((??_main+0)+0),f
   427  07BE                     u2297:
   428  07BE  0BF0               	decfsz	((??_main+0)+0),f
   429  07BF  2FBE               	goto	u2297
   430  07C0  0BF1               	decfsz	((??_main+0)+0+1),f
   431  07C1  2FBE               	goto	u2297
   432  07C2  0064               	clrwdt
   433                           opt asmopt_on
   434                           
   435                           	line	63
   436                           	
   437  07C3                     l2547:	
   438                           ;main.c: 63: int charWritten = 0;
   439  07C3  01F2               	clrf	(main@charWritten)
   440  07C4  01F3               	clrf	(main@charWritten+1)
   441  07C5  2FC6               	goto	l2549
   442                           	line	65
   443                           ;main.c: 65: while(1)
   444                           	
   445  07C6                     l643:	
   446                           	line	67
   447                           	
   448  07C6                     l2549:	
   449                           ;main.c: 66: {
   450                           ;main.c: 67: if(RA4 == 0 && charWritten == 0)
   451  07C6  1283               	bcf	status, 5	;RP0=0, select bank0
   452  07C7  1303               	bcf	status, 6	;RP1=0, select bank0
   453  07C8  1A05               	btfsc	(44/8),(44)&7
   454  07C9  2FCB               	goto	u2221
   455  07CA  2FCC               	goto	u2220
   456  07CB                     u2221:
   457  07CB  2FEB               	goto	l644
   458  07CC                     u2220:
   459                           	
   460  07CC                     l2551:	
   461  07CC  0873               	movf	((main@charWritten+1)),w
   462  07CD  0472               	iorwf	((main@charWritten)),w
   463  07CE  1D03               	skipz
   464  07CF  2FD1               	goto	u2231
   465  07D0  2FD2               	goto	u2230
   466  07D1                     u2231:
   467  07D1  2FEB               	goto	l644
   468  07D2                     u2230:
   469                           	line	69
   470                           	
   471  07D2                     l2553:	
   472                           ;main.c: 68: {
   473                           ;main.c: 69: PORTA = 0xA;
   474  07D2  300A               	movlw	(0Ah)
   475  07D3  0085               	movwf	(5)	;volatile
   476                           	line	70
   477                           ;main.c: 70: PORTD = 0b0100;
   478  07D4  3004               	movlw	(04h)
   479  07D5  0088               	movwf	(8)	;volatile
   480                           	line	71
   481                           ;main.c: 71: PORTA = 0x08;
   482  07D6  3008               	movlw	(08h)
   483  07D7  0085               	movwf	(5)	;volatile
   484                           	line	73
   485                           ;main.c: 73: PORTA = 0xA;
   486  07D8  300A               	movlw	(0Ah)
   487  07D9  0085               	movwf	(5)	;volatile
   488                           	line	74
   489                           ;main.c: 74: PORTD = 0b0001;
   490  07DA  3001               	movlw	(01h)
   491  07DB  0088               	movwf	(8)	;volatile
   492                           	line	75
   493                           ;main.c: 75: PORTA = 0x08;
   494  07DC  3008               	movlw	(08h)
   495  07DD  0085               	movwf	(5)	;volatile
   496                           	line	77
   497                           ;main.c: 77: _delay(20000);
   498                           	opt asmopt_off
   499  07DE  301A               movlw	26
   500  07DF  00F1               movwf	((??_main+0)+0+1),f
   501  07E0  30F8               	movlw	248
   502  07E1  00F0               movwf	((??_main+0)+0),f
   503  07E2                     u2307:
   504  07E2  0BF0               	decfsz	((??_main+0)+0),f
   505  07E3  2FE2               	goto	u2307
   506  07E4  0BF1               	decfsz	((??_main+0)+0+1),f
   507  07E5  2FE2               	goto	u2307
   508  07E6  0064               	clrwdt
   509                           opt asmopt_on
   510                           
   511                           	line	79
   512                           ;main.c: 79: charWritten = 1;
   513  07E7  3001               	movlw	low(01h)
   514  07E8  00F2               	movwf	(main@charWritten)
   515  07E9  3000               	movlw	high(01h)
   516  07EA  00F3               	movwf	((main@charWritten))+1
   517                           	line	80
   518                           	
   519  07EB                     l644:	
   520                           	line	82
   521                           ;main.c: 80: }
   522                           ;main.c: 82: if(charWritten == 1 && RA4 == 1)
   523  07EB  3001               	movlw	01h
   524  07EC  0672               	xorwf	(main@charWritten),w
   525  07ED  0473               	iorwf	(main@charWritten+1),w
   526  07EE  1D03               	skipz
   527  07EF  2FF1               	goto	u2241
   528  07F0  2FF2               	goto	u2240
   529  07F1                     u2241:
   530  07F1  2FC6               	goto	l2549
   531  07F2                     u2240:
   532                           	
   533  07F2                     l2555:	
   534  07F2  1283               	bcf	status, 5	;RP0=0, select bank0
   535  07F3  1303               	bcf	status, 6	;RP1=0, select bank0
   536  07F4  1E05               	btfss	(44/8),(44)&7
   537  07F5  2FF7               	goto	u2251
   538  07F6  2FF8               	goto	u2250
   539  07F7                     u2251:
   540  07F7  2FC6               	goto	l2549
   541  07F8                     u2250:
   542                           	line	84
   543                           	
   544  07F8                     l2557:	
   545                           ;main.c: 83: {
   546                           ;main.c: 84: charWritten = 0;
   547  07F8  01F2               	clrf	(main@charWritten)
   548  07F9  01F3               	clrf	(main@charWritten+1)
   549  07FA  2FC6               	goto	l2549
   550                           	line	85
   551                           	
   552  07FB                     l645:	
   553  07FB  2FC6               	goto	l2549
   554                           	line	86
   555                           	
   556  07FC                     l646:	
   557                           	line	65
   558  07FC  2FC6               	goto	l2549
   559                           	
   560  07FD                     l647:	
   561                           	line	87
   562                           	
   563  07FD                     l648:	
   564                           	global	start
   565  07FD  120A  118A  2800   	ljmp	start
   566                           	opt stack 0
   567                           GLOBAL	__end_of_main
   568  0800                     	__end_of_main:
   569 ;; =============== function _main ends ============
   570                           
   571                           	signat	_main,88
   572                           psect	maintext
   573                           	global	btemp
   574  007E                     	btemp set 07Eh
   575                           
   576                           	DABS	1,126,2	;btemp
   577                           	global	wtemp0
   578  007E                     	wtemp0 set btemp


HI-TECH Software PICC Macro Assembler V9.83 build 10920 
Symbol Table                                                                                   Tue Oct 29 12:49:18 2013

                  _RD 0C60                    _WR 0C61                   l643 07C6                   l644 07EB  
                 l645 07FB                   l646 07FC                   l647 07FD                   l648 07FD  
                 _GIE 005F                   _RA4 002C                  l2521 0773                  l2513 0763  
                l2531 078A                  l2523 0776                  l2515 0766                  l2541 079E  
                l2533 078C                  l2525 0778                  l2517 076A                  l2551 07CC  
                l2543 07A1                  l2535 078F                  l2527 077B                  l2519 076F  
                l2553 07D2                  l2545 07A2                  l2537 0798                  l2529 0784  
                l2555 07F2                  l2547 07C3                  l2539 079C                  l2557 07F8  
                l2549 07C6                  u2220 07CC                  u2221 07CB                  u2230 07D2  
                u2231 07D1                  u2240 07F2                  u2241 07F1                  u2250 07F8  
                u2251 07F7                  u2307 07E2                  u2267 077F                  u2277 0793  
                u2287 07A7                  u2297 07BE                  _WREN 0C62                  _main 0763  
                btemp 007E                  start 0000                 ?_main 0070                 _EEADR 010D  
               _CARRY 0018                 _PORTA 0005                 _PORTB 0006                 _PORTD 0008  
               _TRISA 0085                 _TRISB 0086                 _TRISD 0088                 status 0003  
               wtemp0 007E          __end_of_main 0800                ??_main 0070                _EEDATA 010C  
              _EECON1 018C                _EECON2 018D        __pcstackCOMMON 0070            __pmaintext 0763  
end_of_initialization 075F   start_initialization 075F       main@charWritten 0072         __size_of_main 009D  
